# JRE version: Java(TM) SE Runtime Environment (7.0_67-b01) (build 1.7.0_67-b01)
# Java VM: Java HotSpot(TM) 64-Bit Server VM (24.65-b04 mixed mode linux-amd64 compressed oops)
Heap
 PSYoungGen      total 30208K, used 2048K [0x00000000ed200000, 0x00000000ef400000, 0x0000000100000000)
  eden space 28160K, 0% used [0x00000000ed200000,0x00000000ed200000,0x00000000eed80000)
  from space 2048K, 100% used [0x00000000ef000000,0x00000000ef200000,0x00000000ef200000)
  to   space 2048K, 0% used [0x00000000ef200000,0x00000000ef200000,0x00000000ef400000)
 ParOldGen       total 41984K, used 29850K [0x00000000c7600000, 0x00000000c9f00000, 0x00000000ed200000)
  object space 41984K, 71% used [0x00000000c7600000,0x00000000c9326970,0x00000000c9f00000)
 PSPermGen       total 27136K, used 13368K [0x00000000c2400000, 0x00000000c3e80000, 0x00000000c7600000)
  object space 27136K, 49% used [0x00000000c2400000,0x00000000c310e188,0x00000000c3e80000)
GC Heap History (10 events):
Event: 6.887 GC heap after
Heap after GC invocations=1 (full 0):
 PSYoungGen      total 17408K, used 2033K [0x00000000ed200000, 0x00000000ee500000, 0x0000000100000000)
  eden space 15360K, 0% used [0x00000000ed200000,0x00000000ed200000,0x00000000ee100000)
  from space 2048K, 99% used [0x00000000ee100000,0x00000000ee2fc670,0x00000000ee300000)
  to   space 2048K, 0% used [0x00000000ee300000,0x00000000ee300000,0x00000000ee500000)
 ParOldGen       total 38400K, used 10439K [0x00000000c7600000, 0x00000000c9b80000, 0x00000000ed200000)
  object space 38400K, 27% used [0x00000000c7600000,0x00000000c8031ce0,0x00000000c9b80000)
 PSPermGen       total 21504K, used 12629K [0x00000000c2400000, 0x00000000c3900000, 0x00000000c7600000)
  object space 21504K, 58% used [0x00000000c2400000,0x00000000c3055538,0x00000000c3900000)
}
Event: 14.500 GC heap before
{Heap before GC invocations=2 (full 0):
 PSYoungGen      total 17408K, used 15790K [0x00000000ed200000, 0x00000000ee500000, 0x0000000100000000)
  eden space 15360K, 89% used [0x00000000ed200000,0x00000000edf6f2d8,0x00000000ee100000)
  from space 2048K, 99% used [0x00000000ee100000,0x00000000ee2fc670,0x00000000ee300000)
  to   space 2048K, 0% used [0x00000000ee300000,0x00000000ee300000,0x00000000ee500000)
 ParOldGen       total 38400K, used 10439K [0x00000000c7600000, 0x00000000c9b80000, 0x00000000ed200000)
  object space 38400K, 27% used [0x00000000c7600000,0x00000000c8031ce0,0x00000000c9b80000)
 PSPermGen       total 21504K, used 13343K [0x00000000c2400000, 0x00000000c3900000, 0x00000000c7600000)
  object space 21504K, 62% used [0x00000000c2400000,0x00000000c3107dd0,0x00000000c3900000)
Event: 14.518 GC heap after
Heap after GC invocations=2 (full 0):
 PSYoungGen      total 17408K, used 2035K [0x00000000ed200000, 0x00000000ee500000, 0x0000000100000000)
  eden space 15360K, 0% used [0x00000000ed200000,0x00000000ed200000,0x00000000ee100000)
  from space 2048K, 99% used [0x00000000ee300000,0x00000000ee4fceb0,0x00000000ee500000)
  to   space 2048K, 0% used [0x00000000ee100000,0x00000000ee100000,0x00000000ee300000)
 ParOldGen       total 38400K, used 20975K [0x00000000c7600000, 0x00000000c9b80000, 0x00000000ed200000)
  object space 38400K, 54% used [0x00000000c7600000,0x00000000c8a7bf28,0x00000000c9b80000)
 PSPermGen       total 21504K, used 13343K [0x00000000c2400000, 0x00000000c3900000, 0x00000000c7600000)
  object space 21504K, 62% used [0x00000000c2400000,0x00000000c3107dd0,0x00000000c3900000)
}
Event: 14.733 GC heap before
{Heap before GC invocations=3 (full 0):
 PSYoungGen      total 17408K, used 17395K [0x00000000ed200000, 0x00000000ee500000, 0x0000000100000000)
  eden space 15360K, 100% used [0x00000000ed200000,0x00000000ee100000,0x00000000ee100000)
  from space 2048K, 99% used [0x00000000ee300000,0x00000000ee4fceb0,0x00000000ee500000)
  to   space 2048K, 0% used [0x00000000ee100000,0x00000000ee100000,0x00000000ee300000)
 ParOldGen       total 38400K, used 20975K [0x00000000c7600000, 0x00000000c9b80000, 0x00000000ed200000)
  object space 38400K, 54% used [0x00000000c7600000,0x00000000c8a7bf28,0x00000000c9b80000)
 PSPermGen       total 21504K, used 13355K [0x00000000c2400000, 0x00000000c3900000, 0x00000000c7600000)
  object space 21504K, 62% used [0x00000000c2400000,0x00000000c310ae00,0x00000000c3900000)
Event: 14.765 GC heap after
Heap after GC invocations=3 (full 0):
 PSYoungGen      total 17408K, used 2035K [0x00000000ed200000, 0x00000000ef400000, 0x0000000100000000)
  eden space 15360K, 0% used [0x00000000ed200000,0x00000000ed200000,0x00000000ee100000)
  from space 2048K, 99% used [0x00000000ee100000,0x00000000ee2fced0,0x00000000ee300000)
  to   space 2048K, 0% used [0x00000000ef200000,0x00000000ef200000,0x00000000ef400000)
 ParOldGen       total 38400K, used 28694K [0x00000000c7600000, 0x00000000c9b80000, 0x00000000ed200000)
  object space 38400K, 74% used [0x00000000c7600000,0x00000000c9205968,0x00000000c9b80000)
 PSPermGen       total 21504K, used 13355K [0x00000000c2400000, 0x00000000c3900000, 0x00000000c7600000)
  object space 21504K, 62% used [0x00000000c2400000,0x00000000c310ae00,0x00000000c3900000)
}
Event: 14.765 GC heap before
{Heap before GC invocations=4 (full 1):
 PSYoungGen      total 17408K, used 2035K [0x00000000ed200000, 0x00000000ef400000, 0x0000000100000000)
  eden space 15360K, 0% used [0x00000000ed200000,0x00000000ed200000,0x00000000ee100000)
  from space 2048K, 99% used [0x00000000ee100000,0x00000000ee2fced0,0x00000000ee300000)
  to   space 2048K, 0% used [0x00000000ef200000,0x00000000ef200000,0x00000000ef400000)
 ParOldGen       total 38400K, used 28694K [0x00000000c7600000, 0x00000000c9b80000, 0x00000000ed200000)
  object space 38400K, 74% used [0x00000000c7600000,0x00000000c9205968,0x00000000c9b80000)
 PSPermGen       total 21504K, used 13355K [0x00000000c2400000, 0x00000000c3900000, 0x00000000c7600000)
  object space 21504K, 62% used [0x00000000c2400000,0x00000000c310ae00,0x00000000c3900000)
Event: 14.870 GC heap after
Heap after GC invocations=4 (full 1):
 PSYoungGen      total 17408K, used 0K [0x00000000ed200000, 0x00000000ef400000, 0x0000000100000000)
  eden space 15360K, 0% used [0x00000000ed200000,0x00000000ed200000,0x00000000ee100000)
  from space 2048K, 0% used [0x00000000ee100000,0x00000000ee100000,0x00000000ee300000)
  to   space 2048K, 0% used [0x00000000ef200000,0x00000000ef200000,0x00000000ef400000)
 ParOldGen       total 41984K, used 12445K [0x00000000c7600000, 0x00000000c9f00000, 0x00000000ed200000)
  object space 41984K, 29% used [0x00000000c7600000,0x00000000c82275c0,0x00000000c9f00000)
 PSPermGen       total 27136K, used 13350K [0x00000000c2400000, 0x00000000c3e80000, 0x00000000c7600000)
  object space 27136K, 49% used [0x00000000c2400000,0x00000000c3109b10,0x00000000c3e80000)
}
Event: 17.557 GC heap before
{Heap before GC invocations=5 (full 1):
 PSYoungGen      total 17408K, used 14608K [0x00000000ed200000, 0x00000000ef400000, 0x0000000100000000)
  eden space 15360K, 95% used [0x00000000ed200000,0x00000000ee044218,0x00000000ee100000)
  from space 2048K, 0% used [0x00000000ee100000,0x00000000ee100000,0x00000000ee300000)
  to   space 2048K, 0% used [0x00000000ef200000,0x00000000ef200000,0x00000000ef400000)
 ParOldGen       total 41984K, used 12445K [0x00000000c7600000, 0x00000000c9f00000, 0x00000000ed200000)
  object space 41984K, 29% used [0x00000000c7600000,0x00000000c82275c0,0x00000000c9f00000)
 PSPermGen       total 27136K, used 13361K [0x00000000c2400000, 0x00000000c3e80000, 0x00000000c7600000)
  object space 27136K, 49% used [0x00000000c2400000,0x00000000c310c560,0x00000000c3e80000)
Event: 17.585 GC heap after
Heap after GC invocations=5 (full 1):
 PSYoungGen      total 30208K, used 2048K [0x00000000ed200000, 0x00000000ef400000, 0x0000000100000000)
  eden space 28160K, 0% used [0x00000000ed200000,0x00000000ed200000,0x00000000eed80000)
  from space 2048K, 100% used [0x00000000ef200000,0x00000000ef400000,0x00000000ef400000)
  to   space 2048K, 0% used [0x00000000ef000000,0x00000000ef000000,0x00000000ef200000)
 ParOldGen       total 41984K, used 24821K [0x00000000c7600000, 0x00000000c9f00000, 0x00000000ed200000)
  object space 41984K, 59% used [0x00000000c7600000,0x00000000c8e3d5c0,0x00000000c9f00000)
 PSPermGen       total 27136K, used 13361K [0x00000000c2400000, 0x00000000c3e80000, 0x00000000c7600000)
  object space 27136K, 49% used [0x00000000c2400000,0x00000000c310c560,0x00000000c3e80000)
}
Event: 21.605 GC heap before
{Heap before GC invocations=6 (full 1):
 PSYoungGen      total 30208K, used 30208K [0x00000000ed200000, 0x00000000ef400000, 0x0000000100000000)
  eden space 28160K, 100% used [0x00000000ed200000,0x00000000eed80000,0x00000000eed80000)
  from space 2048K, 100% used [0x00000000ef200000,0x00000000ef400000,0x00000000ef400000)
  to   space 2048K, 0% used [0x00000000ef000000,0x00000000ef000000,0x00000000ef200000)
 ParOldGen       total 41984K, used 24821K [0x00000000c7600000, 0x00000000c9f00000, 0x00000000ed200000)
  object space 41984K, 59% used [0x00000000c7600000,0x00000000c8e3d5c0,0x00000000c9f00000)
 PSPermGen       total 27136K, used 13368K [0x00000000c2400000, 0x00000000c3e80000, 0x00000000c7600000)
  object space 27136K, 49% used [0x00000000c2400000,0x00000000c310e188,0x00000000c3e80000)

